<?xml version="1.0" encoding="UTF-8"?>
<!-- Generated by org.testng.reporters.JUnitXMLReporter -->
<testsuite ignored="0" hostname="LAPTOP-TPUJHBBQ" failures="1" tests="17" name="Test" time="48.382" errors="0" timestamp="2020-10-09T18:47:05 IST">
  <testcase classname="inventory.UnitsMeasureTest" name="Login" time="1.587"/>
  <testcase classname="salespack.SalespersonTest" name="Login" time="2.299"/>
  <testcase classname="inventory.InventoryLocationsTest" name="Login" time="7.863"/>
  <testcase classname="salespack.SalespersonTest" name="AddSalesPersons" time="7.696"/>
  <testcase classname="salespack.SalesAreasTest" name="Login" time="6.044"/>
  <testcase classname="inventory.UnitsMeasureTest" name="AddUnitofMeasure" time="5.72"/>
  <testcase classname="salespack.SalesTypeTest" name="Login" time="5.151"/>
  <testcase classname="salespack.SalespersonTest" name="Logout" time="0.529"/>
  <testcase classname="salespack.SalesAreasTest" name="Logout" time="0.619"/>
  <testcase classname="fmpack.LoginTest" name="Login" time="13.757"/>
  <testcase classname="salespack.SalesTypeTest" name="Logout" time="3.498"/>
  <testcase classname="inventory.InventoryLocationsTest" name="Inventorylocation" time="8.451"/>
  <testcase classname="inventory.InventoryLocationsTest" name="Logout" time="0.517"/>
  <testcase classname="inventory.UnitsMeasureTest" name="Logout" time="0.533"/>
  <testcase classname="salespack.SalesTypeTest" name="Addsalestype" time="10.611"/>
  <testcase classname="salespack.SalesAreasTest" name="SalesArea" time="13.9">
    <failure type="org.openqa.selenium.NoSuchElementException" message="no such element: Unable to locate element: {&amp;quot;method&amp;quot;:&amp;quot;link text&amp;quot;,&amp;quot;selector&amp;quot;:&amp;quot;Sales Areas&amp;quot;}
  (Session info: chrome=85.0.4183.121)
For documentation on this error, please visit: https://www.seleniumhq.org/exceptions/no_such_element.html
Build info: version: &amp;apos;3.141.59&amp;apos;, revision: &amp;apos;e82be7d358&amp;apos;, time: &amp;apos;2018-11-14T08:17:03&amp;apos;
System info: host: &amp;apos;LAPTOP-TPUJHBBQ&amp;apos;, ip: &amp;apos;192.168.0.178&amp;apos;, os.name: &amp;apos;Windows 10&amp;apos;, os.arch: &amp;apos;amd64&amp;apos;, os.version: &amp;apos;10.0&amp;apos;, java.version: &amp;apos;11.0.8&amp;apos;
Driver info: org.openqa.selenium.chrome.ChromeDriver
Capabilities {acceptInsecureCerts: false, browserName: chrome, browserVersion: 85.0.4183.121, chrome: {chromedriverVersion: 85.0.4183.87 (cd6713ebf92fa..., userDataDir: C:\Users\CVVIVE~1\AppData\L...}, goog:chromeOptions: {debuggerAddress: localhost:59664}, javascriptEnabled: true, networkConnectionEnabled: false, pageLoadStrategy: normal, platform: WINDOWS, platformName: WINDOWS, proxy: Proxy(), setWindowRect: true, strictFileInteractability: false, timeouts: {implicit: 0, pageLoad: 300000, script: 30000}, unhandledPromptBehavior: dismiss and notify, webauthn:virtualAuthenticators: true}
Session ID: c944b8df3d891e965bc248f446c6e222
*** Element info: {Using=link text, value=Sales Areas}">
      <![CDATA[org.openqa.selenium.NoSuchElementException: no such element: Unable to locate element: {"method":"link text","selector":"Sales Areas"}
  (Session info: chrome=85.0.4183.121)
For documentation on this error, please visit: https://www.seleniumhq.org/exceptions/no_such_element.html
Build info: version: '3.141.59', revision: 'e82be7d358', time: '2018-11-14T08:17:03'
System info: host: 'LAPTOP-TPUJHBBQ', ip: '192.168.0.178', os.name: 'Windows 10', os.arch: 'amd64', os.version: '10.0', java.version: '11.0.8'
Driver info: org.openqa.selenium.chrome.ChromeDriver
Capabilities {acceptInsecureCerts: false, browserName: chrome, browserVersion: 85.0.4183.121, chrome: {chromedriverVersion: 85.0.4183.87 (cd6713ebf92fa..., userDataDir: C:\Users\CVVIVE~1\AppData\L...}, goog:chromeOptions: {debuggerAddress: localhost:59664}, javascriptEnabled: true, networkConnectionEnabled: false, pageLoadStrategy: normal, platform: WINDOWS, platformName: WINDOWS, proxy: Proxy(), setWindowRect: true, strictFileInteractability: false, timeouts: {implicit: 0, pageLoad: 300000, script: 30000}, unhandledPromptBehavior: dismiss and notify, webauthn:virtualAuthenticators: true}
Session ID: c944b8df3d891e965bc248f446c6e222
*** Element info: {Using=link text, value=Sales Areas}
at org.openqa.selenium.remote.http.W3CHttpResponseCodec.createException(W3CHttpResponseCodec.java:187)
at org.openqa.selenium.remote.http.W3CHttpResponseCodec.decode(W3CHttpResponseCodec.java:122)
at org.openqa.selenium.remote.http.W3CHttpResponseCodec.decode(W3CHttpResponseCodec.java:49)
at org.openqa.selenium.remote.HttpCommandExecutor.execute(HttpCommandExecutor.java:158)
at org.openqa.selenium.remote.service.DriverCommandExecutor.execute(DriverCommandExecutor.java:83)
at org.openqa.selenium.remote.RemoteWebDriver.execute(RemoteWebDriver.java:552)
at org.openqa.selenium.remote.RemoteWebDriver.findElement(RemoteWebDriver.java:323)
at org.openqa.selenium.remote.RemoteWebDriver.findElementByLinkText(RemoteWebDriver.java:380)
at org.openqa.selenium.By$ByLinkText.findElement(By.java:220)
at org.openqa.selenium.remote.RemoteWebDriver.findElement(RemoteWebDriver.java:315)
at org.openqa.selenium.support.pagefactory.DefaultElementLocator.findElement(DefaultElementLocator.java:69)
at org.openqa.selenium.support.pagefactory.internal.LocatingElementHandler.invoke(LocatingElementHandler.java:38)
at com.sun.proxy.$Proxy13.click(Unknown Source)
at salespack.SalesAreasTest.SalesArea(SalesAreasTest.java:44)
at java.base/java.util.concurrent.ThreadPoolExecutor.runWorker(ThreadPoolExecutor.java:1128)
at java.base/java.util.concurrent.ThreadPoolExecutor$Worker.run(ThreadPoolExecutor.java:628)
at java.base/java.lang.Thread.run(Thread.java:834)
... Removed 16 stack frames]]>
    </failure>
  </testcase> <!-- SalesArea -->
  <testcase classname="fmpack.LoginTest" name="Login" time="12.487"/>
</testsuite> <!-- Test -->
